<?xml version="1.0" encoding="UTF-8"?>
<!-- Generated by org.testng.reporters.JUnitReportReporter -->
<testsuite hostname="LAPSZ1739" name="testng.tutorial.FirstTest" tests="1" failures="0" timestamp="24 Feb 2015 12:46:45 GMT" time="0.045" errors="0">
  <testcase name="f" time="0.045" classname="testng.tutorial.FirstTest"/>
</testsuite> <!-- testng.tutorial.FirstTest -->
